<?xml version="1.0" encoding="UTF-8"?>
<testng-results skipped="0" failed="0" ignored="0" total="2" passed="2">
  <reporter-output>
  </reporter-output>
  <suite name="Suite" duration-ms="18453" started-at="2020-07-05T16:41:19Z" finished-at="2020-07-05T16:41:38Z">
    <groups>
    </groups>
    <test name="Test" duration-ms="18453" started-at="2020-07-05T16:41:19Z" finished-at="2020-07-05T16:41:38Z">
      <class name="testCases.TC_001">
        <test-method status="PASS" signature="launchBrowser()[pri:0, instance:testCases.TC_001@2ef9b8bc]" name="launchBrowser" is-config="true" duration-ms="3957" started-at="2020-07-05T16:41:19Z" finished-at="2020-07-05T16:41:23Z">
          <reporter-output>
          </reporter-output>
        </test-method> <!-- launchBrowser -->
        <test-method status="PASS" signature="navigateToHomePage()[pri:0, instance:testCases.TC_001@2ef9b8bc]" name="navigateToHomePage" duration-ms="2772" started-at="2020-07-05T16:41:23Z" finished-at="2020-07-05T16:41:26Z">
          <reporter-output>
          </reporter-output>
        </test-method> <!-- navigateToHomePage -->
        <test-method status="PASS" signature="selectingProductBasedOnTemperature()[pri:1, instance:testCases.TC_001@2ef9b8bc]" name="selectingProductBasedOnTemperature" duration-ms="11703" started-at="2020-07-05T16:41:26Z" finished-at="2020-07-05T16:41:38Z">
          <reporter-output>
          </reporter-output>
        </test-method> <!-- selectingProductBasedOnTemperature -->
        <test-method status="PASS" signature="closeBrowser()[pri:0, instance:testCases.TC_001@2ef9b8bc]" name="closeBrowser" is-config="true" duration-ms="0" started-at="2020-07-05T16:41:38Z" finished-at="2020-07-05T16:41:38Z">
          <reporter-output>
          </reporter-output>
        </test-method> <!-- closeBrowser -->
      </class> <!-- testCases.TC_001 -->
    </test> <!-- Test -->
  </suite> <!-- Suite -->
</testng-results>
