<?xml version="1.0" encoding="UTF-8"?>
<testng-results skipped="0" failed="0" ignored="0" total="1" passed="1">
  <reporter-output>
  </reporter-output>
  <suite name="Suite" duration-ms="13781" started-at="2020-07-04T16:21:45Z" finished-at="2020-07-04T16:21:59Z">
    <groups>
    </groups>
    <test name="Test" duration-ms="13781" started-at="2020-07-04T16:21:45Z" finished-at="2020-07-04T16:21:59Z">
      <class name="testCases.TC_001">
        <test-method status="PASS" signature="launchBrowser()[pri:0, instance:testCases.TC_001@2ef9b8bc]" name="launchBrowser" is-config="true" duration-ms="6995" started-at="2020-07-04T16:21:45Z" finished-at="2020-07-04T16:21:52Z">
          <reporter-output>
          </reporter-output>
        </test-method> <!-- launchBrowser -->
        <test-method status="PASS" signature="selectingProductBasedOnTemperature()[pri:0, instance:testCases.TC_001@2ef9b8bc]" name="selectingProductBasedOnTemperature" duration-ms="6778" started-at="2020-07-04T16:21:52Z" finished-at="2020-07-04T16:21:59Z">
          <reporter-output>
          </reporter-output>
        </test-method> <!-- selectingProductBasedOnTemperature -->
        <test-method status="PASS" signature="closeBrowser()[pri:0, instance:testCases.TC_001@2ef9b8bc]" name="closeBrowser" is-config="true" duration-ms="1" started-at="2020-07-04T16:21:59Z" finished-at="2020-07-04T16:21:59Z">
          <reporter-output>
          </reporter-output>
        </test-method> <!-- closeBrowser -->
      </class> <!-- testCases.TC_001 -->
    </test> <!-- Test -->
  </suite> <!-- Suite -->
</testng-results>
