<?xml version="1.0" encoding="UTF-8"?>
<testng-results skipped="0" failed="0" ignored="0" total="1" passed="1">
  <reporter-output>
  </reporter-output>
  <suite name="Default suite" duration-ms="24711" started-at="2020-07-04T16:17:53Z" finished-at="2020-07-04T16:18:18Z">
    <groups>
    </groups>
    <test name="Default test" duration-ms="24711" started-at="2020-07-04T16:17:53Z" finished-at="2020-07-04T16:18:18Z">
      <class name="testCases.TC_001">
        <test-method status="PASS" signature="launchBrowser()[pri:0, instance:testCases.TC_001@2b98378d]" name="launchBrowser" is-config="true" duration-ms="20320" started-at="2020-07-04T16:17:53Z" finished-at="2020-07-04T16:18:13Z">
          <reporter-output>
          </reporter-output>
        </test-method> <!-- launchBrowser -->
        <test-method status="PASS" signature="selectingProductBasedOnTemperature()[pri:0, instance:testCases.TC_001@2b98378d]" name="selectingProductBasedOnTemperature" duration-ms="4377" started-at="2020-07-04T16:18:13Z" finished-at="2020-07-04T16:18:18Z">
          <reporter-output>
          </reporter-output>
        </test-method> <!-- selectingProductBasedOnTemperature -->
        <test-method status="PASS" signature="closeBrowser()[pri:0, instance:testCases.TC_001@2b98378d]" name="closeBrowser" is-config="true" duration-ms="0" started-at="2020-07-04T16:18:18Z" finished-at="2020-07-04T16:18:18Z">
          <reporter-output>
          </reporter-output>
        </test-method> <!-- closeBrowser -->
      </class> <!-- testCases.TC_001 -->
    </test> <!-- Default test -->
  </suite> <!-- Default suite -->
</testng-results>
