<?xml version="1.0" encoding="UTF-8"?>
<testng-results skipped="0" failed="0" ignored="0" total="2" passed="2">
  <reporter-output>
  </reporter-output>
  <suite name="Default suite" duration-ms="24796" started-at="2020-07-05T16:43:17Z" finished-at="2020-07-05T16:43:42Z">
    <groups>
    </groups>
    <test name="Default test" duration-ms="24796" started-at="2020-07-05T16:43:17Z" finished-at="2020-07-05T16:43:42Z">
      <class name="testCases.TC_001">
        <test-method status="PASS" signature="launchBrowser()[pri:0, instance:testCases.TC_001@2b98378d]" name="launchBrowser" is-config="true" duration-ms="4604" started-at="2020-07-05T16:43:17Z" finished-at="2020-07-05T16:43:21Z">
          <reporter-output>
          </reporter-output>
        </test-method> <!-- launchBrowser -->
        <test-method status="PASS" signature="navigateToHomePage()[pri:0, instance:testCases.TC_001@2b98378d]" name="navigateToHomePage" duration-ms="2943" started-at="2020-07-05T16:43:21Z" finished-at="2020-07-05T16:43:24Z">
          <reporter-output>
          </reporter-output>
        </test-method> <!-- navigateToHomePage -->
        <test-method status="PASS" signature="selectingProductBasedOnTemperature()[pri:1, instance:testCases.TC_001@2b98378d]" name="selectingProductBasedOnTemperature" duration-ms="17226" started-at="2020-07-05T16:43:24Z" finished-at="2020-07-05T16:43:42Z">
          <reporter-output>
          </reporter-output>
        </test-method> <!-- selectingProductBasedOnTemperature -->
        <test-method status="PASS" signature="closeBrowser()[pri:0, instance:testCases.TC_001@2b98378d]" name="closeBrowser" is-config="true" duration-ms="0" started-at="2020-07-05T16:43:42Z" finished-at="2020-07-05T16:43:42Z">
          <reporter-output>
          </reporter-output>
        </test-method> <!-- closeBrowser -->
      </class> <!-- testCases.TC_001 -->
    </test> <!-- Default test -->
  </suite> <!-- Default suite -->
</testng-results>
